{
  "0 debug pnpm:scope": {
    "selected": 1
  },
  "1 error pnpm": {
    "errno": 1,
    "code": "ELIFECYCLE",
    "pkgid": "awescnb@3.0.0",
    "stage": "dev",
    "script": "vite --config config/vite.config.dev.js",
    "pkgname": "awescnb",
    "err": {
      "name": "Error",
      "message": "awescnb@3.0.0 dev: `vite --config config/vite.config.dev.js`\nExit status 1",
      "code": "ELIFECYCLE",
      "stack": "Error: awescnb@3.0.0 dev: `vite --config config/vite.config.dev.js`\nExit status 1\n    at EventEmitter.<anonymous> (C:\\Users\\guangzan\\AppData\\Roaming\\npm\\node_modules\\pnpm\\dist\\pnpm.cjs:104868:20)\n    at EventEmitter.emit (node:events:394:28)\n    at ChildProcess.<anonymous> (C:\\Users\\guangzan\\AppData\\Roaming\\npm\\node_modules\\pnpm\\dist\\pnpm.cjs:93174:18)\n    at ChildProcess.emit (node:events:394:28)\n    at maybeClose (node:internal/child_process:1067:16)\n    at Process.ChildProcess._handle.onexit (node:internal/child_process:301:5)"
    }
  },
  "2 warn pnpm:global": " Local package.json exists, but node_modules missing, did you mean to install?"
}